2020-09-17 15:11:22,517 Initialising KCSMaker...
2020-09-17 15:11:22,565 Loading release build info...
2020-09-17 15:11:22,601 DONE
2020-09-17 15:11:23,411 Building KCS download_cvc_send
2020-09-17 15:11:23,411 DOWNLOAD_CONFIG = stre_rom_v02_release
2020-09-17 15:11:23,411 RELEASE_FLAG = False
2020-09-17 15:11:23,411 CAPABILITIES_PATH = C:\Users\278632\Desktop\BT_SPK_5125\Eugene_sample\audio\kalimba\kymera\capabilities
2020-09-17 15:11:23,411 KYMERA_SRC_PATH = C:\Users\278632\Desktop\BT_SPK_5125\Eugene_sample\audio\kalimba\kymera
2020-09-17 15:11:23,411 BUNDLE_NAME = download_cvc_send
2020-09-17 15:11:23,413 BUILD_DIR = C:\qtil\ADK_QCC512X_QCC302X_WIN_6.3.2.24\audio\kalimba_ROM_4786\kymera\output\stre_rom_v02_release\build
2020-09-17 15:11:23,413 BUILD_NAME = kymera_stre_audio
2020-09-17 15:11:23,413 BUILD_ROOT = C:\qtil\ADK_QCC512X_QCC302X_WIN_6.3.2.24\audio\kalimba\kymera\build
2020-09-17 15:11:23,413 BUILD_ID = 4786
2020-09-17 15:11:23,413 KCS_OUTPUT_DIR = C:\Users\278632\Desktop\BT_SPK_5125\Eugene_sample\audio\kalimba\kymera\tools\KCSMaker\out\stre_rom_v02_release
2020-09-17 15:11:23,413 KCSMAKER_PATH = C:\Users\278632\Desktop\BT_SPK_5125\Eugene_sample\audio\kalimba\kymera\tools\KCSMaker
2020-09-17 15:11:23,413 LINKSCRIPT_PATH = C:\Users\278632\Desktop\BT_SPK_5125\Eugene_sample\audio\kalimba\kymera\tools\KCSMaker\templates\linkscript_stre
2020-09-17 15:11:23,413 LABEL_NAME = 
2020-09-17 15:11:23,413 Generating KCS file C:\Users\278632\Desktop\BT_SPK_5125\Eugene_sample\audio\kalimba\kymera\tools\KCSMaker\out\stre_rom_v02_release\download\debugbin\download_cvc_send.kcs ...
2020-09-17 15:11:23,413 Generating KDC download_cvc_send
2020-09-17 15:11:23,413 Building [('cvc_send_1mic_nb_hs', 16402, 'cvc_send', ['config.MODIFY_CAP_DOWNLOAD_BUILD', 'config.MODIFY_DOWNLOAD_CVC_SEND']), ('cvc_send_1mic_wb_hs', 16403, 'cvc_send', ['config.MODIFY_CAP_DOWNLOAD_BUILD', 'config.MODIFY_DOWNLOAD_CVC_SEND']), ('cvc_send_2mic_hs_mono_nb', 16404, 'cvc_send', ['config.MODIFY_CAP_DOWNLOAD_BUILD', 'config.MODIFY_DOWNLOAD_CVC_SEND']), ('cvc_send_2mic_hs_mono_wb', 16405, 'cvc_send', ['config.MODIFY_CAP_DOWNLOAD_BUILD', 'config.MODIFY_DOWNLOAD_CVC_SEND']), ('cvc_send_2mic_hs_binaural_nb', 16406, 'cvc_send', ['config.MODIFY_CAP_DOWNLOAD_BUILD', 'config.MODIFY_DOWNLOAD_CVC_SEND']), ('cvc_send_2mic_hs_binaural_wb', 16407, 'cvc_send', ['config.MODIFY_CAP_DOWNLOAD_BUILD', 'config.MODIFY_DOWNLOAD_CVC_SEND']), ('cvc_send_1mic_speaker_wb', 16387, 'cvc_send', ['config.MODIFY_CAP_DOWNLOAD_BUILD', 'config.MODIFY_DOWNLOAD_CVC_SEND']), ('cvc_send_1mic_speaker_nb', 16408, 'cvc_send', ['config.MODIFY_CAP_DOWNLOAD_BUILD', 'config.MODIFY_DOWNLOAD_CVC_SEND']), ('cvc_send_2mic_speaker_nb', 16409, 'cvc_send', ['config.MODIFY_CAP_DOWNLOAD_BUILD', 'config.MODIFY_DOWNLOAD_CVC_SEND']), ('cvc_send_2mic_speaker_wb', 16410, 'cvc_send', ['config.MODIFY_CAP_DOWNLOAD_BUILD', 'config.MODIFY_DOWNLOAD_CVC_SEND'])] capabilities ...
2020-09-17 15:11:31,010 [('cvc_send_1mic_nb_hs', 16402, 'cvc_send', ['config.MODIFY_CAP_DOWNLOAD_BUILD', 'config.MODIFY_DOWNLOAD_CVC_SEND']), ('cvc_send_1mic_wb_hs', 16403, 'cvc_send', ['config.MODIFY_CAP_DOWNLOAD_BUILD', 'config.MODIFY_DOWNLOAD_CVC_SEND']), ('cvc_send_2mic_hs_mono_nb', 16404, 'cvc_send', ['config.MODIFY_CAP_DOWNLOAD_BUILD', 'config.MODIFY_DOWNLOAD_CVC_SEND']), ('cvc_send_2mic_hs_mono_wb', 16405, 'cvc_send', ['config.MODIFY_CAP_DOWNLOAD_BUILD', 'config.MODIFY_DOWNLOAD_CVC_SEND']), ('cvc_send_2mic_hs_binaural_nb', 16406, 'cvc_send', ['config.MODIFY_CAP_DOWNLOAD_BUILD', 'config.MODIFY_DOWNLOAD_CVC_SEND']), ('cvc_send_2mic_hs_binaural_wb', 16407, 'cvc_send', ['config.MODIFY_CAP_DOWNLOAD_BUILD', 'config.MODIFY_DOWNLOAD_CVC_SEND']), ('cvc_send_1mic_speaker_wb', 16387, 'cvc_send', ['config.MODIFY_CAP_DOWNLOAD_BUILD', 'config.MODIFY_DOWNLOAD_CVC_SEND']), ('cvc_send_1mic_speaker_nb', 16408, 'cvc_send', ['config.MODIFY_CAP_DOWNLOAD_BUILD', 'config.MODIFY_DOWNLOAD_CVC_SEND']), ('cvc_send_2mic_speaker_nb', 16409, 'cvc_send', ['config.MODIFY_CAP_DOWNLOAD_BUILD', 'config.MODIFY_DOWNLOAD_CVC_SEND']), ('cvc_send_2mic_speaker_wb', 16410, 'cvc_send', ['config.MODIFY_CAP_DOWNLOAD_BUILD', 'config.MODIFY_DOWNLOAD_CVC_SEND'])] capabilities successfully built.
2020-09-17 15:11:31,015 cap_names['cvc_send']
2020-09-17 15:11:31,015 support_lib_names{'audio_pios': 'audio_pios', 'cbops': 'cbops', 'stream': 'stream', 'op_data_access': 'op_data_access'}
2020-09-17 15:11:31,015 comp_names[]
2020-09-17 15:11:31,015 lib_names[]
2020-09-17 15:11:31,015 lib_private_names[]
2020-09-17 15:11:31,015 prebuilt_lib_names[]
2020-09-17 15:11:31,015 oFiles['C:\\Users\\278632\\Desktop\\BT_SPK_5125\\Eugene_sample\\audio\\kalimba\\kymera\\tools\\KCSMaker\\out\\stre_rom_v02_release\\capabilities\\cvc_send\\debugbin\\libcvc_send.a', 'C:\\Users\\278632\\Desktop\\BT_SPK_5125\\Eugene_sample\\audio\\kalimba\\kymera\\tools\\KCSMaker\\out\\stre_rom_v02_release\\support_lib\\audio_pios\\debugbin\\libaudio_pios.a', 'C:\\Users\\278632\\Desktop\\BT_SPK_5125\\Eugene_sample\\audio\\kalimba\\kymera\\tools\\KCSMaker\\out\\stre_rom_v02_release\\support_lib\\cbops\\debugbin\\libcbops.a', 'C:\\Users\\278632\\Desktop\\BT_SPK_5125\\Eugene_sample\\audio\\kalimba\\kymera\\tools\\KCSMaker\\out\\stre_rom_v02_release\\support_lib\\stream\\debugbin\\libstream.a', 'C:\\Users\\278632\\Desktop\\BT_SPK_5125\\Eugene_sample\\audio\\kalimba\\kymera\\tools\\KCSMaker\\out\\stre_rom_v02_release\\support_lib\\op_data_access\\debugbin\\libop_data_access.a', 'C:\\qtil\\ADK_QCC512X_QCC302X_WIN_6.3.2.24\\tools\\kcc\\lib\\QCC302x_audio\\libc.a', 'C:\\qtil\\ADK_QCC512X_QCC302X_WIN_6.3.2.24\\tools\\kcc\\lib\\QCC302x_audio\\libcrt.a', 'C:\\qtil\\ADK_QCC512X_QCC302X_WIN_6.3.2.24\\tools\\kcc\\lib\\QCC302x_audio\\libfle.a', 'C:\\Users\\278632\\Desktop\\BT_SPK_5125\\Eugene_sample\\audio\\kalimba\\kymera\\tools\\KCSMaker\\out\\stre_rom_v02_release\\download\\debugobj\\kdc_start.o']
2020-09-17 15:11:31,015 Initialising make_kdc object...
