================================
PROJECT INFO 
================================
  project_file = C:\Users\278632\Desktop\BT_SPK_5125\Eugene_sample\apps\applications\sink\qcc512x_qcc302x\common\sink.x2p
   devkit_root = C:\qtil\ADK_QCC512X_QCC302X_WIN_6.3.2.24
 configuration = Speaker
-PROJECT PROPERTIES-
  IDE_PROJECT:sink
  OUTDIR     :C:\Users\278632\Desktop\BT_SPK_5125\Eugene_sample\apps\applications\sink\qcc512x_qcc302x\common

SOURCE FILES
C:\Users\278632\Desktop\BT_SPK_5125\Eugene_sample\apps\applications\sink\User\eugene_i2c_bus.c
C:\Users\278632\Desktop\BT_SPK_5125\Eugene_sample\apps\applications\sink\User\eugene_i2c_bus.h
C:\Users\278632\Desktop\BT_SPK_5125\Eugene_sample\apps\applications\sink\User\eugene_main.c
C:\Users\278632\Desktop\BT_SPK_5125\Eugene_sample\apps\applications\sink\User\eugene_main.h
C:\Users\278632\Desktop\BT_SPK_5125\Eugene_sample\apps\applications\sink\User\eugene_pio.c
C:\Users\278632\Desktop\BT_SPK_5125\Eugene_sample\apps\applications\sink\User\eugene_pio.h
C:\Users\278632\Desktop\BT_SPK_5125\Eugene_sample\apps\applications\sink\User\eugene_print.h
C:\Users\278632\Desktop\BT_SPK_5125\Eugene_sample\apps\applications\sink\User\eugene_tca1116.c
C:\Users\278632\Desktop\BT_SPK_5125\Eugene_sample\apps\applications\sink\User\eugene_tca1116.h
C:\Users\278632\Desktop\BT_SPK_5125\Eugene_sample\apps\applications\sink\ahi_host_trb.c
C:\Users\278632\Desktop\BT_SPK_5125\Eugene_sample\apps\applications\sink\ahi_host_trb.h
C:\Users\278632\Desktop\BT_SPK_5125\Eugene_sample\apps\applications\sink\ahi_host_usb.c
C:\Users\278632\Desktop\BT_SPK_5125\Eugene_sample\apps\applications\sink\ahi_host_usb.h
C:\Users\278632\Desktop\BT_SPK_5125\Eugene_sample\apps\applications\sink\ahi_test.h
C:\Users\278632\Desktop\BT_SPK_5125\Eugene_sample\apps\applications\sink\main.c
C:\Users\278632\Desktop\BT_SPK_5125\Eugene_sample\apps\applications\sink\main.h
C:\Users\278632\Desktop\BT_SPK_5125\Eugene_sample\apps\applications\sink\sink_a2dp.c
C:\Users\278632\Desktop\BT_SPK_5125\Eugene_sample\apps\applications\sink\sink_a2dp.h
C:\Users\278632\Desktop\BT_SPK_5125\Eugene_sample\apps\applications\sink\sink_a2dp_aptx_adaptive.c
C:\Users\278632\Desktop\BT_SPK_5125\Eugene_sample\apps\applications\sink\sink_a2dp_aptx_adaptive.h
C:\Users\278632\Desktop\BT_SPK_5125\Eugene_sample\apps\applications\sink\sink_a2dp_capabilities.c
C:\Users\278632\Desktop\BT_SPK_5125\Eugene_sample\apps\applications\sink\sink_a2dp_capabilities.h
C:\Users\278632\Desktop\BT_SPK_5125\Eugene_sample\apps\applications\sink\sink_accessory.c
C:\Users\278632\Desktop\BT_SPK_5125\Eugene_sample\apps\applications\sink\sink_accessory.h
C:\Users\278632\Desktop\BT_SPK_5125\Eugene_sample\apps\applications\sink\sink_ahi.c
C:\Users\278632\Desktop\BT_SPK_5125\Eugene_sample\apps\applications\sink\sink_ahi.h
C:\Users\278632\Desktop\BT_SPK_5125\Eugene_sample\apps\applications\sink\sink_ama.c
C:\Users\278632\Desktop\BT_SPK_5125\Eugene_sample\apps\applications\sink\sink_ama.h
C:\Users\278632\Desktop\BT_SPK_5125\Eugene_sample\apps\applications\sink\sink_anc.c
C:\Users\278632\Desktop\BT_SPK_5125\Eugene_sample\apps\applications\sink\sink_anc.h
C:\Users\278632\Desktop\BT_SPK_5125\Eugene_sample\apps\applications\sink\sink_at_commands.c
C:\Users\278632\Desktop\BT_SPK_5125\Eugene_sample\apps\applications\sink\sink_at_commands.h
C:\Users\278632\Desktop\BT_SPK_5125\Eugene_sample\apps\applications\sink\sink_audio.c
C:\Users\278632\Desktop\BT_SPK_5125\Eugene_sample\apps\applications\sink\sink_audio.h
C:\Users\278632\Desktop\BT_SPK_5125\Eugene_sample\apps\applications\sink\sink_audio_clock.c
C:\Users\278632\Desktop\BT_SPK_5125\Eugene_sample\apps\applications\sink\sink_audio_indication.c
C:\Users\278632\Desktop\BT_SPK_5125\Eugene_sample\apps\applications\sink\sink_audio_indication.h
C:\Users\278632\Desktop\BT_SPK_5125\Eugene_sample\apps\applications\sink\sink_audio_prompts.c
C:\Users\278632\Desktop\BT_SPK_5125\Eugene_sample\apps\applications\sink\sink_audio_prompts.h
C:\Users\278632\Desktop\BT_SPK_5125\Eugene_sample\apps\applications\sink\sink_audio_routing.c
C:\Users\278632\Desktop\BT_SPK_5125\Eugene_sample\apps\applications\sink\sink_audio_routing.h
C:\Users\278632\Desktop\BT_SPK_5125\Eugene_sample\apps\applications\sink\sink_audio_ttp.c
C:\Users\278632\Desktop\BT_SPK_5125\Eugene_sample\apps\applications\sink\sink_audio_ttp.h
C:\Users\278632\Desktop\BT_SPK_5125\Eugene_sample\apps\applications\sink\sink_auth.c
C:\Users\278632\Desktop\BT_SPK_5125\Eugene_sample\apps\applications\sink\sink_auth.h
C:\Users\278632\Desktop\BT_SPK_5125\Eugene_sample\apps\applications\sink\sink_auto_power_off.c
C:\Users\278632\Desktop\BT_SPK_5125\Eugene_sample\apps\applications\sink\sink_auto_power_off.h
C:\Users\278632\Desktop\BT_SPK_5125\Eugene_sample\apps\applications\sink\sink_avrcp.c
C:\Users\278632\Desktop\BT_SPK_5125\Eugene_sample\apps\applications\sink\sink_avrcp.h
C:\Users\278632\Desktop\BT_SPK_5125\Eugene_sample\apps\applications\sink\sink_avrcp_browsing.c
C:\Users\278632\Desktop\BT_SPK_5125\Eugene_sample\apps\applications\sink\sink_avrcp_browsing.h
C:\Users\278632\Desktop\BT_SPK_5125\Eugene_sample\apps\applications\sink\sink_avrcp_browsing_channel.c
C:\Users\278632\Desktop\BT_SPK_5125\Eugene_sample\apps\applications\sink\sink_avrcp_browsing_channel.h
C:\Users\278632\Desktop\BT_SPK_5125\Eugene_sample\apps\applications\sink\sink_avrcp_qualification.c
C:\Users\278632\Desktop\BT_SPK_5125\Eugene_sample\apps\applications\sink\sink_avrcp_qualification.h
C:\Users\278632\Desktop\BT_SPK_5125\Eugene_sample\apps\applications\sink\sink_ba.c
C:\Users\278632\Desktop\BT_SPK_5125\Eugene_sample\apps\applications\sink\sink_ba.h
C:\Users\278632\Desktop\BT_SPK_5125\Eugene_sample\apps\applications\sink\sink_ba_ble_gap.c
C:\Users\278632\Desktop\BT_SPK_5125\Eugene_sample\apps\applications\sink\sink_ba_ble_gap.h
C:\Users\278632\Desktop\BT_SPK_5125\Eugene_sample\apps\applications\sink\sink_ba_broadcaster.c
C:\Users\278632\Desktop\BT_SPK_5125\Eugene_sample\apps\applications\sink\sink_ba_broadcaster.h
C:\Users\278632\Desktop\BT_SPK_5125\Eugene_sample\apps\applications\sink\sink_ba_broadcaster_association.c
C:\Users\278632\Desktop\BT_SPK_5125\Eugene_sample\apps\applications\sink\sink_ba_broadcaster_association.h
C:\Users\278632\Desktop\BT_SPK_5125\Eugene_sample\apps\applications\sink\sink_ba_broadcaster_encryption.c
C:\Users\278632\Desktop\BT_SPK_5125\Eugene_sample\apps\applications\sink\sink_ba_broadcaster_encryption.h
C:\Users\278632\Desktop\BT_SPK_5125\Eugene_sample\apps\applications\sink\sink_ba_broadcaster_packetiser.c
C:\Users\278632\Desktop\BT_SPK_5125\Eugene_sample\apps\applications\sink\sink_ba_broadcaster_packetiser.h
C:\Users\278632\Desktop\BT_SPK_5125\Eugene_sample\apps\applications\sink\sink_ba_broadcaster_scm.c
C:\Users\278632\Desktop\BT_SPK_5125\Eugene_sample\apps\applications\sink\sink_ba_broadcaster_scm.h
C:\Users\278632\Desktop\BT_SPK_5125\Eugene_sample\apps\applications\sink\sink_ba_common.h
C:\Users\278632\Desktop\BT_SPK_5125\Eugene_sample\apps\applications\sink\sink_ba_receiver.c
C:\Users\278632\Desktop\BT_SPK_5125\Eugene_sample\apps\applications\sink\sink_ba_receiver.h
C:\Users\278632\Desktop\BT_SPK_5125\Eugene_sample\apps\applications\sink\sink_ble.c
C:\Users\278632\Desktop\BT_SPK_5125\Eugene_sample\apps\applications\sink\sink_ble.h
C:\Users\278632\Desktop\BT_SPK_5125\Eugene_sample\apps\applications\sink\sink_ble_advertising.c
C:\Users\278632\Desktop\BT_SPK_5125\Eugene_sample\apps\applications\sink\sink_ble_advertising.h
C:\Users\278632\Desktop\BT_SPK_5125\Eugene_sample\apps\applications\sink\sink_ble_gap.c
C:\Users\278632\Desktop\BT_SPK_5125\Eugene_sample\apps\applications\sink\sink_ble_gap.h
C:\Users\278632\Desktop\BT_SPK_5125\Eugene_sample\apps\applications\sink\sink_ble_sc.c
C:\Users\278632\Desktop\BT_SPK_5125\Eugene_sample\apps\applications\sink\sink_ble_sc.h
C:\Users\278632\Desktop\BT_SPK_5125\Eugene_sample\apps\applications\sink\sink_ble_scanning.c
C:\Users\278632\Desktop\BT_SPK_5125\Eugene_sample\apps\applications\sink\sink_ble_scanning.h
C:\Users\278632\Desktop\BT_SPK_5125\Eugene_sample\apps\applications\sink\sink_buttonmanager.c
C:\Users\278632\Desktop\BT_SPK_5125\Eugene_sample\apps\applications\sink\sink_buttonmanager.h
C:\Users\278632\Desktop\BT_SPK_5125\Eugene_sample\apps\applications\sink\sink_buttons.c
C:\Users\278632\Desktop\BT_SPK_5125\Eugene_sample\apps\applications\sink\sink_buttons.h
C:\Users\278632\Desktop\BT_SPK_5125\Eugene_sample\apps\applications\sink\sink_callmanager.c
C:\Users\278632\Desktop\BT_SPK_5125\Eugene_sample\apps\applications\sink\sink_callmanager.h
C:\Users\278632\Desktop\BT_SPK_5125\Eugene_sample\apps\applications\sink\sink_config.c
C:\Users\278632\Desktop\BT_SPK_5125\Eugene_sample\apps\applications\sink\sink_config.h
C:\Users\278632\Desktop\BT_SPK_5125\Eugene_sample\apps\applications\sink\sink_configmanager.c
C:\Users\278632\Desktop\BT_SPK_5125\Eugene_sample\apps\applications\sink\sink_configmanager.h
C:\Users\278632\Desktop\BT_SPK_5125\Eugene_sample\apps\applications\sink\sink_csr_features.c
C:\Users\278632\Desktop\BT_SPK_5125\Eugene_sample\apps\applications\sink\sink_csr_features.h
C:\Users\278632\Desktop\BT_SPK_5125\Eugene_sample\apps\applications\sink\sink_debug.h
C:\Users\278632\Desktop\BT_SPK_5125\Eugene_sample\apps\applications\sink\sink_development.h
C:\Users\278632\Desktop\BT_SPK_5125\Eugene_sample\apps\applications\sink\sink_device_id.c
C:\Users\278632\Desktop\BT_SPK_5125\Eugene_sample\apps\applications\sink\sink_device_id.h
C:\Users\278632\Desktop\BT_SPK_5125\Eugene_sample\apps\applications\sink\sink_devicemanager.c
C:\Users\278632\Desktop\BT_SPK_5125\Eugene_sample\apps\applications\sink\sink_devicemanager.h
C:\Users\278632\Desktop\BT_SPK_5125\Eugene_sample\apps\applications\sink\sink_dfu_ps.c
C:\Users\278632\Desktop\BT_SPK_5125\Eugene_sample\apps\applications\sink\sink_dfu_ps.h
C:\Users\278632\Desktop\BT_SPK_5125\Eugene_sample\apps\applications\sink\sink_display.c
C:\Users\278632\Desktop\BT_SPK_5125\Eugene_sample\apps\applications\sink\sink_display.h
C:\Users\278632\Desktop\BT_SPK_5125\Eugene_sample\apps\applications\sink\sink_dormant.c
C:\Users\278632\Desktop\BT_SPK_5125\Eugene_sample\apps\applications\sink\sink_dormant.h
C:\Users\278632\Desktop\BT_SPK_5125\Eugene_sample\apps\applications\sink\sink_downloadable_caps.c
C:\Users\278632\Desktop\BT_SPK_5125\Eugene_sample\apps\applications\sink\sink_downloadable_caps.h
C:\Users\278632\Desktop\BT_SPK_5125\Eugene_sample\apps\applications\sink\sink_dut.c
C:\Users\278632\Desktop\BT_SPK_5125\Eugene_sample\apps\applications\sink\sink_dut.h
C:\Users\278632\Desktop\BT_SPK_5125\Eugene_sample\apps\applications\sink\sink_enum.c
C:\Users\278632\Desktop\BT_SPK_5125\Eugene_sample\apps\applications\sink\sink_event_queue.c
C:\Users\278632\Desktop\BT_SPK_5125\Eugene_sample\apps\applications\sink\sink_event_queue.h
C:\Users\278632\Desktop\BT_SPK_5125\Eugene_sample\apps\applications\sink\sink_events.h
C:\Users\278632\Desktop\BT_SPK_5125\Eugene_sample\apps\applications\sink\sink_fast_pair.c
C:\Users\278632\Desktop\BT_SPK_5125\Eugene_sample\apps\applications\sink\sink_fast_pair.h
C:\Users\278632\Desktop\BT_SPK_5125\Eugene_sample\apps\applications\sink\sink_fm.h
C:\Users\278632\Desktop\BT_SPK_5125\Eugene_sample\apps\applications\sink\sink_gaia.c
C:\Users\278632\Desktop\BT_SPK_5125\Eugene_sample\apps\applications\sink\sink_gaia.h
C:\Users\278632\Desktop\BT_SPK_5125\Eugene_sample\apps\applications\sink\sink_gatt.c
C:\Users\278632\Desktop\BT_SPK_5125\Eugene_sample\apps\applications\sink\sink_gatt.h
C:\Users\278632\Desktop\BT_SPK_5125\Eugene_sample\apps\applications\sink\sink_gatt_client.c
C:\Users\278632\Desktop\BT_SPK_5125\Eugene_sample\apps\applications\sink\sink_gatt_client.h
C:\Users\278632\Desktop\BT_SPK_5125\Eugene_sample\apps\applications\sink\sink_gatt_client_ancs.c
C:\Users\278632\Desktop\BT_SPK_5125\Eugene_sample\apps\applications\sink\sink_gatt_client_ancs.h
C:\Users\278632\Desktop\BT_SPK_5125\Eugene_sample\apps\applications\sink\sink_gatt_client_ba.c
C:\Users\278632\Desktop\BT_SPK_5125\Eugene_sample\apps\applications\sink\sink_gatt_client_ba.h
C:\Users\278632\Desktop\BT_SPK_5125\Eugene_sample\apps\applications\sink\sink_gatt_client_battery.c
C:\Users\278632\Desktop\BT_SPK_5125\Eugene_sample\apps\applications\sink\sink_gatt_client_battery.h
C:\Users\278632\Desktop\BT_SPK_5125\Eugene_sample\apps\applications\sink\sink_gatt_client_dis.c
C:\Users\278632\Desktop\BT_SPK_5125\Eugene_sample\apps\applications\sink\sink_gatt_client_dis.h
C:\Users\278632\Desktop\BT_SPK_5125\Eugene_sample\apps\applications\sink\sink_gatt_client_gatt.c
C:\Users\278632\Desktop\BT_SPK_5125\Eugene_sample\apps\applications\sink\sink_gatt_client_gatt.h
C:\Users\278632\Desktop\BT_SPK_5125\Eugene_sample\apps\applications\sink\sink_gatt_client_hid.c
C:\Users\278632\Desktop\BT_SPK_5125\Eugene_sample\apps\applications\sink\sink_gatt_client_hid.h
C:\Users\278632\Desktop\BT_SPK_5125\Eugene_sample\apps\applications\sink\sink_gatt_client_hrs.c
C:\Users\278632\Desktop\BT_SPK_5125\Eugene_sample\apps\applications\sink\sink_gatt_client_hrs.h
C:\Users\278632\Desktop\BT_SPK_5125\Eugene_sample\apps\applications\sink\sink_gatt_client_ias.c
C:\Users\278632\Desktop\BT_SPK_5125\Eugene_sample\apps\applications\sink\sink_gatt_client_ias.h
C:\Users\278632\Desktop\BT_SPK_5125\Eugene_sample\apps\applications\sink\sink_gatt_client_spc.c
C:\Users\278632\Desktop\BT_SPK_5125\Eugene_sample\apps\applications\sink\sink_gatt_client_spc.h
C:\Users\278632\Desktop\BT_SPK_5125\Eugene_sample\apps\applications\sink\sink_gatt_common.c
C:\Users\278632\Desktop\BT_SPK_5125\Eugene_sample\apps\applications\sink\sink_gatt_common.h
C:\Users\278632\Desktop\BT_SPK_5125\Eugene_sample\apps\applications\sink\sink_gatt_db.db
C:\Users\278632\Desktop\BT_SPK_5125\Eugene_sample\apps\applications\sink\sink_gatt_device.h
C:\Users\278632\Desktop\BT_SPK_5125\Eugene_sample\apps\applications\sink\sink_gatt_hid_qualification.c
C:\Users\278632\Desktop\BT_SPK_5125\Eugene_sample\apps\applications\sink\sink_gatt_hid_qualification.h
C:\Users\278632\Desktop\BT_SPK_5125\Eugene_sample\apps\applications\sink\sink_gatt_hid_remote_control.c
C:\Users\278632\Desktop\BT_SPK_5125\Eugene_sample\apps\applications\sink\sink_gatt_hid_remote_control.h
C:\Users\278632\Desktop\BT_SPK_5125\Eugene_sample\apps\applications\sink\sink_gatt_init.c
C:\Users\278632\Desktop\BT_SPK_5125\Eugene_sample\apps\applications\sink\sink_gatt_init.h
C:\Users\278632\Desktop\BT_SPK_5125\Eugene_sample\apps\applications\sink\sink_gatt_manager.c
C:\Users\278632\Desktop\BT_SPK_5125\Eugene_sample\apps\applications\sink\sink_gatt_manager.h
C:\Users\278632\Desktop\BT_SPK_5125\Eugene_sample\apps\applications\sink\sink_gatt_server.c
C:\Users\278632\Desktop\BT_SPK_5125\Eugene_sample\apps\applications\sink\sink_gatt_server.h
C:\Users\278632\Desktop\BT_SPK_5125\Eugene_sample\apps\applications\sink\sink_gatt_server_ama.c
C:\Users\278632\Desktop\BT_SPK_5125\Eugene_sample\apps\applications\sink\sink_gatt_server_ama.h
C:\Users\278632\Desktop\BT_SPK_5125\Eugene_sample\apps\applications\sink\sink_gatt_server_ba.c
C:\Users\278632\Desktop\BT_SPK_5125\Eugene_sample\apps\applications\sink\sink_gatt_server_ba.h
C:\Users\278632\Desktop\BT_SPK_5125\Eugene_sample\apps\applications\sink\sink_gatt_server_battery.c
C:\Users\278632\Desktop\BT_SPK_5125\Eugene_sample\apps\applications\sink\sink_gatt_server_battery.h
C:\Users\278632\Desktop\BT_SPK_5125\Eugene_sample\apps\applications\sink\sink_gatt_server_dis.c
C:\Users\278632\Desktop\BT_SPK_5125\Eugene_sample\apps\applications\sink\sink_gatt_server_dis.h
C:\Users\278632\Desktop\BT_SPK_5125\Eugene_sample\apps\applications\sink\sink_gatt_server_fps.c
C:\Users\278632\Desktop\BT_SPK_5125\Eugene_sample\apps\applications\sink\sink_gatt_server_fps.h
C:\Users\278632\Desktop\BT_SPK_5125\Eugene_sample\apps\applications\sink\sink_gatt_server_gap.c
C:\Users\278632\Desktop\BT_SPK_5125\Eugene_sample\apps\applications\sink\sink_gatt_server_gap.h
C:\Users\278632\Desktop\BT_SPK_5125\Eugene_sample\apps\applications\sink\sink_gatt_server_gatt.c
C:\Users\278632\Desktop\BT_SPK_5125\Eugene_sample\apps\applications\sink\sink_gatt_server_gatt.h
C:\Users\278632\Desktop\BT_SPK_5125\Eugene_sample\apps\applications\sink\sink_gatt_server_hrs.c
C:\Users\278632\Desktop\BT_SPK_5125\Eugene_sample\apps\applications\sink\sink_gatt_server_hrs.h
C:\Users\278632\Desktop\BT_SPK_5125\Eugene_sample\apps\applications\sink\sink_gatt_server_ias.c
C:\Users\278632\Desktop\BT_SPK_5125\Eugene_sample\apps\applications\sink\sink_gatt_server_ias.h
C:\Users\278632\Desktop\BT_SPK_5125\Eugene_sample\apps\applications\sink\sink_gatt_server_lls.c
C:\Users\278632\Desktop\BT_SPK_5125\Eugene_sample\apps\applications\sink\sink_gatt_server_lls.h
C:\Users\278632\Desktop\BT_SPK_5125\Eugene_sample\apps\applications\sink\sink_gatt_server_logging.c
C:\Users\278632\Desktop\BT_SPK_5125\Eugene_sample\apps\applications\sink\sink_gatt_server_logging.h
C:\Users\278632\Desktop\BT_SPK_5125\Eugene_sample\apps\applications\sink\sink_gatt_server_rscs.c
C:\Users\278632\Desktop\BT_SPK_5125\Eugene_sample\apps\applications\sink\sink_gatt_server_rscs.h
C:\Users\278632\Desktop\BT_SPK_5125\Eugene_sample\apps\applications\sink\sink_gatt_server_tps.c
C:\Users\278632\Desktop\BT_SPK_5125\Eugene_sample\apps\applications\sink\sink_gatt_server_tps.h
C:\Users\278632\Desktop\BT_SPK_5125\Eugene_sample\apps\applications\sink\sink_hf_indicators.c
C:\Users\278632\Desktop\BT_SPK_5125\Eugene_sample\apps\applications\sink\sink_hf_indicators.h
C:\Users\278632\Desktop\BT_SPK_5125\Eugene_sample\apps\applications\sink\sink_hfp_data.c
C:\Users\278632\Desktop\BT_SPK_5125\Eugene_sample\apps\applications\sink\sink_hfp_data.h
C:\Users\278632\Desktop\BT_SPK_5125\Eugene_sample\apps\applications\sink\sink_hid.c
C:\Users\278632\Desktop\BT_SPK_5125\Eugene_sample\apps\applications\sink\sink_hid.h
C:\Users\278632\Desktop\BT_SPK_5125\Eugene_sample\apps\applications\sink\sink_hid_device_service_record.h
C:\Users\278632\Desktop\BT_SPK_5125\Eugene_sample\apps\applications\sink\sink_indicators.c
C:\Users\278632\Desktop\BT_SPK_5125\Eugene_sample\apps\applications\sink\sink_indicators.h
C:\Users\278632\Desktop\BT_SPK_5125\Eugene_sample\apps\applications\sink\sink_init.c
C:\Users\278632\Desktop\BT_SPK_5125\Eugene_sample\apps\applications\sink\sink_init.h
C:\Users\278632\Desktop\BT_SPK_5125\Eugene_sample\apps\applications\sink\sink_input_manager.c
C:\Users\278632\Desktop\BT_SPK_5125\Eugene_sample\apps\applications\sink\sink_input_manager.h
C:\Users\278632\Desktop\BT_SPK_5125\Eugene_sample\apps\applications\sink\sink_inquiry.c
C:\Users\278632\Desktop\BT_SPK_5125\Eugene_sample\apps\applications\sink\sink_inquiry.h
C:\Users\278632\Desktop\BT_SPK_5125\Eugene_sample\apps\applications\sink\sink_ir_remote_control.h
C:\Users\278632\Desktop\BT_SPK_5125\Eugene_sample\apps\applications\sink\sink_led_err.h
C:\Users\278632\Desktop\BT_SPK_5125\Eugene_sample\apps\applications\sink\sink_led_manager.c
C:\Users\278632\Desktop\BT_SPK_5125\Eugene_sample\apps\applications\sink\sink_led_manager.h
C:\Users\278632\Desktop\BT_SPK_5125\Eugene_sample\apps\applications\sink\sink_leddata.h
C:\Users\278632\Desktop\BT_SPK_5125\Eugene_sample\apps\applications\sink\sink_leds.c
C:\Users\278632\Desktop\BT_SPK_5125\Eugene_sample\apps\applications\sink\sink_leds.h
C:\Users\278632\Desktop\BT_SPK_5125\Eugene_sample\apps\applications\sink\sink_link_policy.c
C:\Users\278632\Desktop\BT_SPK_5125\Eugene_sample\apps\applications\sink\sink_link_policy.h
C:\Users\278632\Desktop\BT_SPK_5125\Eugene_sample\apps\applications\sink\sink_linkloss.c
C:\Users\278632\Desktop\BT_SPK_5125\Eugene_sample\apps\applications\sink\sink_linkloss.h
C:\Users\278632\Desktop\BT_SPK_5125\Eugene_sample\apps\applications\sink\sink_main_task.c
C:\Users\278632\Desktop\BT_SPK_5125\Eugene_sample\apps\applications\sink\sink_main_task.h
C:\Users\278632\Desktop\BT_SPK_5125\Eugene_sample\apps\applications\sink\sink_malloc_debug.c
C:\Users\278632\Desktop\BT_SPK_5125\Eugene_sample\apps\applications\sink\sink_malloc_debug.h
C:\Users\278632\Desktop\BT_SPK_5125\Eugene_sample\apps\applications\sink\sink_mapc.c
C:\Users\278632\Desktop\BT_SPK_5125\Eugene_sample\apps\applications\sink\sink_mapc.h
C:\Users\278632\Desktop\BT_SPK_5125\Eugene_sample\apps\applications\sink\sink_multi_channel.c
C:\Users\278632\Desktop\BT_SPK_5125\Eugene_sample\apps\applications\sink\sink_multi_channel.h
C:\Users\278632\Desktop\BT_SPK_5125\Eugene_sample\apps\applications\sink\sink_multipoint.c
C:\Users\278632\Desktop\BT_SPK_5125\Eugene_sample\apps\applications\sink\sink_multipoint.h
C:\Users\278632\Desktop\BT_SPK_5125\Eugene_sample\apps\applications\sink\sink_music_processing.c
C:\Users\278632\Desktop\BT_SPK_5125\Eugene_sample\apps\applications\sink\sink_music_processing.h
C:\Users\278632\Desktop\BT_SPK_5125\Eugene_sample\apps\applications\sink\sink_nfc.c
C:\Users\278632\Desktop\BT_SPK_5125\Eugene_sample\apps\applications\sink\sink_nfc.h
C:\Users\278632\Desktop\BT_SPK_5125\Eugene_sample\apps\applications\sink\sink_partymode.c
C:\Users\278632\Desktop\BT_SPK_5125\Eugene_sample\apps\applications\sink\sink_partymode.h
C:\Users\278632\Desktop\BT_SPK_5125\Eugene_sample\apps\applications\sink\sink_pbap.c
C:\Users\278632\Desktop\BT_SPK_5125\Eugene_sample\apps\applications\sink\sink_pbap.h
C:\Users\278632\Desktop\BT_SPK_5125\Eugene_sample\apps\applications\sink\sink_peer.c
C:\Users\278632\Desktop\BT_SPK_5125\Eugene_sample\apps\applications\sink\sink_peer.h
C:\Users\278632\Desktop\BT_SPK_5125\Eugene_sample\apps\applications\sink\sink_peer_qualification.c
C:\Users\278632\Desktop\BT_SPK_5125\Eugene_sample\apps\applications\sink\sink_peer_qualification.h
C:\Users\278632\Desktop\BT_SPK_5125\Eugene_sample\apps\applications\sink\sink_pio.c
C:\Users\278632\Desktop\BT_SPK_5125\Eugene_sample\apps\applications\sink\sink_pio.h
C:\Users\278632\Desktop\BT_SPK_5125\Eugene_sample\apps\applications\sink\sink_pio_debounce.c
C:\Users\278632\Desktop\BT_SPK_5125\Eugene_sample\apps\applications\sink\sink_pio_debounce.h
C:\Users\278632\Desktop\BT_SPK_5125\Eugene_sample\apps\applications\sink\sink_powermanager.c
C:\Users\278632\Desktop\BT_SPK_5125\Eugene_sample\apps\applications\sink\sink_powermanager.h
C:\Users\278632\Desktop\BT_SPK_5125\Eugene_sample\apps\applications\sink\sink_private_data.c
C:\Users\278632\Desktop\BT_SPK_5125\Eugene_sample\apps\applications\sink\sink_private_data.h
C:\Users\278632\Desktop\BT_SPK_5125\Eugene_sample\apps\applications\sink\sink_sbc.c
C:\Users\278632\Desktop\BT_SPK_5125\Eugene_sample\apps\applications\sink\sink_sbc.h
C:\Users\278632\Desktop\BT_SPK_5125\Eugene_sample\apps\applications\sink\sink_sc.c
C:\Users\278632\Desktop\BT_SPK_5125\Eugene_sample\apps\applications\sink\sink_sc.h
C:\Users\278632\Desktop\BT_SPK_5125\Eugene_sample\apps\applications\sink\sink_scan.c
C:\Users\278632\Desktop\BT_SPK_5125\Eugene_sample\apps\applications\sink\sink_scan.h
C:\Users\278632\Desktop\BT_SPK_5125\Eugene_sample\apps\applications\sink\sink_slc.c
C:\Users\278632\Desktop\BT_SPK_5125\Eugene_sample\apps\applications\sink\sink_slc.h
C:\Users\278632\Desktop\BT_SPK_5125\Eugene_sample\apps\applications\sink\sink_speech_recognition.c
C:\Users\278632\Desktop\BT_SPK_5125\Eugene_sample\apps\applications\sink\sink_speech_recognition.h
C:\Users\278632\Desktop\BT_SPK_5125\Eugene_sample\apps\applications\sink\sink_sport_health.c
C:\Users\278632\Desktop\BT_SPK_5125\Eugene_sample\apps\applications\sink\sink_sport_health.h
C:\Users\278632\Desktop\BT_SPK_5125\Eugene_sample\apps\applications\sink\sink_sport_health_sm.c
C:\Users\278632\Desktop\BT_SPK_5125\Eugene_sample\apps\applications\sink\sink_sport_health_sm.h
C:\Users\278632\Desktop\BT_SPK_5125\Eugene_sample\apps\applications\sink\sink_spp_qualification.c
C:\Users\278632\Desktop\BT_SPK_5125\Eugene_sample\apps\applications\sink\sink_spp_qualification.h
C:\Users\278632\Desktop\BT_SPK_5125\Eugene_sample\apps\applications\sink\sink_statemanager.c
C:\Users\278632\Desktop\BT_SPK_5125\Eugene_sample\apps\applications\sink\sink_statemanager.h
C:\Users\278632\Desktop\BT_SPK_5125\Eugene_sample\apps\applications\sink\sink_states.h
C:\Users\278632\Desktop\BT_SPK_5125\Eugene_sample\apps\applications\sink\sink_swat.h
C:\Users\278632\Desktop\BT_SPK_5125\Eugene_sample\apps\applications\sink\sink_tap_ui.c
C:\Users\278632\Desktop\BT_SPK_5125\Eugene_sample\apps\applications\sink\sink_tap_ui.h
C:\Users\278632\Desktop\BT_SPK_5125\Eugene_sample\apps\applications\sink\sink_tones.c
C:\Users\278632\Desktop\BT_SPK_5125\Eugene_sample\apps\applications\sink\sink_tones.h
C:\Users\278632\Desktop\BT_SPK_5125\Eugene_sample\apps\applications\sink\sink_upgrade.c
C:\Users\278632\Desktop\BT_SPK_5125\Eugene_sample\apps\applications\sink\sink_upgrade.h
C:\Users\278632\Desktop\BT_SPK_5125\Eugene_sample\apps\applications\sink\sink_usb.c
C:\Users\278632\Desktop\BT_SPK_5125\Eugene_sample\apps\applications\sink\sink_usb.h
C:\Users\278632\Desktop\BT_SPK_5125\Eugene_sample\apps\applications\sink\sink_usb_debug.c
C:\Users\278632\Desktop\BT_SPK_5125\Eugene_sample\apps\applications\sink\sink_usb_debug.h
C:\Users\278632\Desktop\BT_SPK_5125\Eugene_sample\apps\applications\sink\sink_usb_descriptors.h
C:\Users\278632\Desktop\BT_SPK_5125\Eugene_sample\apps\applications\sink\sink_utils.c
C:\Users\278632\Desktop\BT_SPK_5125\Eugene_sample\apps\applications\sink\sink_utils.h
C:\Users\278632\Desktop\BT_SPK_5125\Eugene_sample\apps\applications\sink\sink_va_if.c
C:\Users\278632\Desktop\BT_SPK_5125\Eugene_sample\apps\applications\sink\sink_va_if.h
C:\Users\278632\Desktop\BT_SPK_5125\Eugene_sample\apps\applications\sink\sink_volume.c
C:\Users\278632\Desktop\BT_SPK_5125\Eugene_sample\apps\applications\sink\sink_volume.h
C:\Users\278632\Desktop\BT_SPK_5125\Eugene_sample\apps\applications\sink\sink_watchdog.c
C:\Users\278632\Desktop\BT_SPK_5125\Eugene_sample\apps\applications\sink\sink_watchdog.h
C:\Users\278632\Desktop\BT_SPK_5125\Eugene_sample\apps\applications\sink\sink_wired.c
C:\Users\278632\Desktop\BT_SPK_5125\Eugene_sample\apps\applications\sink\sink_wired.h

CONFIG NAME = Activity_Monitoring_Headset
PROPS
defaultdict(<type 'str'>, {'BUILD_ID': 'C:\\qtil\\ADK_QCC512X_QCC302X_WIN_6.3.2.24\\tools/ubuild/maker/buildid/examples/timestamp.py', 'DEFS': '__KALIMBA__ HAVE_32BIT_DATA_WIDTH INSTALL_HYDRA_LOG BLUELAB HYDRACORE GATT_RSCS_SERVER ADD_STEP_TO_RSCS GATT_RSCS_SERVER ACTIVITY_MONITORING SPORTS_HEALTH_LOGGING_DISABLE ENABLE_AHI_USB_HOST ENABLE_BATTERY_OPERATION ENABLE_CHARGER_V2 ENABLE_USB_TYPE_C DEVICE_ID_PSKEY ENABLE_AUDIO_CLOCK ENABLE_AUDIO_TTP ENABLE_AVRCP ENABLE_BREDR_SC ENABLE_DORMANT_SUPPORT ENABLE_DOWNLOADABLE_CAPS GATT_ENABLED GATT_BATTERY_SERVER GATT_HRS_SERVER GATT_DIS_SERVER ENABLE_PBAP ENABLE_USB ENABLE_WATCHDOG INCLUDE_A2DP_EXTRA_CODECS INCLUDE_APTX_ACL_SPRINT INCLUDE_APTX_ADAPTIVE INCLUDE_DSP THREE_WAY_CALLING ENABLE_USB_HUB_SUPPORT', 'FLASH_CONFIG': '..\\..\\64Mbit_default_flash_config.py', 'CHIP_TYPE': 'qcc512x_qcc302x', 'DBG_CORE': 'app/p1', 'INCPATHS': '..\\..\\..\\..\\installed_libs\\include\\firmware_qcc512x_qcc302x\\app\\bitserial ..\\..\\..\\..\\installed_libs\\include\\profiles\\default_qcc512x_qcc302x ..\\..\\..\\..\\installed_libs\\include\\firmware_qcc512x_qcc302x ..\\..\\..\\..\\installed_libs\\include\\firmware_qcc512x_qcc302x\\app ..\\..\\..\\..\\installed_libs\\include\\standard', 'OUTPUT_TYPE': 'EXECUTABLE', 'SW_VARIANT': 'Headset-Gaming', 'PRIVATE_DEFS': '', 'EXTRA_WARNINGS': 'FALSE', 'LIBPATHS': '..\\..\\..\\..\\installed_libs\\lib\\default_qcc512x_qcc302x\\native ..\\..\\..\\..\\installed_libs\\lib\\os\\qcc512x_qcc302x', 'PRIVATE_INCPATHS': '', 'STRIP_SYMBOLS': 'FALSE', 'HW_VARIANT': 'CF376_CF897', 'LIBS': 'a2dp audio_output audio_mixer audio_hardware audio_ports audio_processor_speed operators chain custom_operator file_list hfp audio audio_plugin_common avrcp connection bdaddr audio_voice_hfp audio_i2s_common audio_input_voice_prompts pblock pio_common power power_onchip power_onchip_adapter region sdp_parse gain_utils service vmal gatt gatt_device_info_server gatt_gap_server gatt_manager gatt_server gatt_client gatt_heart_rate_client gatt_transmit_power_server gatt_battery_server gatt_imm_alert_server gatt_imm_alert_client usb_device_class display display_plugin_midas upgrade byte_utils_hydra audio_input_a2dp audio_input_analogue audio_input_i2s audio_input_common audio_plugin_music_variants audio_plugin_voice_variants audio_input_usb tws_packetiser audio_input_tws gaia gatt_hid_client audio_config audio_music_processing ahi config_store ps_dynamic_config_store gatt_apple_notification_client gatt_device_info_client  gatt_device_info_server gatt_scan_params_client gatt_link_loss_server gatt_battery_client gatt_heart_rate_server obex md5 pbapc audio_input_spdif rtime packetiser_helper system_clock tws_synchronised_control audio_instance hid_upgrade hid audio_plugin_forwarding audio_output_tws audio_voice_common audio_voice_usb resource_manager rwcp_server anc audio_voice_assistant_low_power local_device  gatt_running_speed_cadence_server sport_health_algorithms sport_health_hub sport_health_driver sport_health_logging sport_health_driver_imu_bmi160 sport_health_driver_ppg_max30102 spp_common spps sppc transport_adaptation transport_manager voice_assistant_audio_manager protobuf gatt_fast_pair_server audio_anc_tuning', 'OUTPUT': 'sink', 'DEFAULT_LIBS': 'usb_early_init', 'BUILD_TYPE': 'DEBUG', 'PRESERVED_LIBS': 'qcc512x_qcc302x'})

CONFIG NAME = Headset
PROPS
defaultdict(<type 'str'>, {'BUILD_ID': 'C:\\qtil\\ADK_QCC512X_QCC302X_WIN_6.3.2.24\\tools/ubuild/maker/buildid/examples/timestamp.py', 'DEFS': '__KALIMBA__ HAVE_32BIT_DATA_WIDTH INSTALL_HYDRA_LOG BLUELAB HYDRACORE ENABLE_AHI_USB_HOST ENABLE_BATTERY_OPERATION ENABLE_CHARGER_V2 ENABLE_USB_TYPE_C BLE_ENABLED_WHEN_OFF DEVICE_ID_PSKEY ENABLE_DISPLAY ENABLE_DISPLAY_MIDAS ENABLE_AUDIO_CLOCK ENABLE_AUDIO_TTP ENABLE_AVRCP ENABLE_BREDR_SC ENABLE_DORMANT_SUPPORT ENABLE_DOWNLOADABLE_CAPS GATT_IAS_CLIENT ENABLE_GAIA GATT_ENABLED GATT_ANCS_CLIENT GATT_BATTERY_SERVER GATT_IAS_SERVER GATT_IAS_SERVER GATT_LLS_SERVER GATT_TPS_SERVER ENABLE_PBAP ENABLE_UPGRADE ENABLE_USB ENABLE_USB_HID_UPGRADE ENABLE_WATCHDOG GATT_GAIA_SERVER INCLUDE_A2DP_EXTRA_CODECS INCLUDE_APTX_ACL_SPRINT INCLUDE_APTX_ADAPTIVE INCLUDE_DSP THREE_WAY_CALLING ENABLE_USB_AUDIO_APP_STEREO_DESCRIPTORS ENABLE_USB_HUB_SUPPORT', 'FLASH_CONFIG': '..\\..\\64Mbit_default_flash_config.py', 'CHIP_TYPE': 'qcc512x_qcc302x', 'DBG_CORE': 'app/p1', 'INCPATHS': '..\\..\\..\\..\\installed_libs\\include\\profiles\\default_qcc512x_qcc302x ..\\..\\..\\..\\installed_libs\\include\\firmware_qcc512x_qcc302x ..\\..\\..\\..\\installed_libs\\include\\firmware_qcc512x_qcc302x\\app ..\\..\\..\\..\\installed_libs\\include\\standard', 'OUTPUT_TYPE': 'EXECUTABLE', 'SW_VARIANT': 'Headset-Gaming', 'PRIVATE_DEFS': '', 'EXTRA_WARNINGS': 'FALSE', 'LIBPATHS': '..\\..\\..\\..\\installed_libs\\lib\\default_qcc512x_qcc302x\\native ..\\..\\..\\..\\installed_libs\\lib\\os\\qcc512x_qcc302x', 'PRIVATE_INCPATHS': '', 'STRIP_SYMBOLS': 'FALSE', 'HW_VARIANT': 'CF376_CF897', 'LIBS': 'a2dp audio_output audio_mixer audio_hardware audio_ports audio_processor_speed operators chain custom_operator file_list hfp audio audio_plugin_common avrcp connection bdaddr audio_voice_hfp audio_i2s_common audio_input_voice_prompts pblock pio_common power power_onchip power_onchip_adapter region sdp_parse gain_utils service vmal gatt gatt_device_info_server gatt_gap_server gatt_manager gatt_server gatt_client gatt_heart_rate_client gatt_transmit_power_server gatt_battery_server gatt_imm_alert_server gatt_imm_alert_client usb_device_class display display_plugin_midas upgrade byte_utils_hydra audio_input_a2dp audio_input_analogue audio_input_i2s audio_input_common audio_plugin_music_variants audio_plugin_voice_variants audio_input_usb tws_packetiser audio_input_tws gaia gatt_hid_client audio_config audio_music_processing ahi config_store ps_dynamic_config_store gatt_apple_notification_client gatt_device_info_client gatt_device_info_server gatt_scan_params_client gatt_link_loss_server gatt_battery_client gatt_heart_rate_server obex md5 pbapc audio_input_spdif rtime packetiser_helper system_clock tws_synchronised_control audio_instance hid_upgrade hid audio_plugin_forwarding audio_output_tws audio_voice_common audio_voice_usb resource_manager rwcp_server anc audio_voice_assistant_low_power local_device spp_common spps sppc transport_adaptation transport_manager voice_assistant_audio_manager protobuf gatt_fast_pair_server audio_anc_tuning', 'OUTPUT': 'sink', 'DEFAULT_LIBS': 'usb_early_init', 'BUILD_TYPE': 'DEBUG', 'PRESERVED_LIBS': 'qcc512x_qcc302x'})

CONFIG NAME = Speaker
PROPS
defaultdict(<type 'str'>, {'BUILD_ID': 'C:\\qtil\\ADK_QCC512X_QCC302X_WIN_6.3.2.24\\tools/ubuild/maker/buildid/examples/timestamp.py', 'DEFS': '__KALIMBA__ HAVE_32BIT_DATA_WIDTH INSTALL_HYDRA_LOG BLUELAB HYDRACORE ENABLE_AHI_USB_HOST ENABLE_BATTERY_OPERATION ENABLE_CHARGER_V2 ENABLE_USB_TYPE_C BLE_ENABLED_WHEN_OFF DEVICE_ID_PSKEY ENABLE_DISPLAY ENABLE_DISPLAY_MIDAS ENABLE_AUDIO_CLOCK ENABLE_AUDIO_TTP ENABLE_AVRCP ENABLE_BREDR_SC ENABLE_DORMANT_SUPPORT ENABLE_DOWNLOADABLE_CAPS GATT_IAS_CLIENT ENABLE_GAIA GATT_ENABLED GATT_ANCS_CLIENT GATT_BATTERY_SERVER GATT_IAS_SERVER GATT_BATTERY_SERVER_PEER GATT_IAS_SERVER GATT_LLS_SERVER GATT_TPS_SERVER GATT_BATTERY_SERVER_REMOTE GATT_BATTERY_CLIENT GATT_DIS_CLIENT GATT_SPC_CLIENT GATT_HID_CLIENT ENABLE_PBAP ENABLE_PEER_BATTERY_LEVEL ENABLE_PEER PEER_TWS PEER_AVRCP ENABLE_UPGRADE ENABLE_USB ENABLE_USB_AUDIO ENABLE_USB_HID_UPGRADE ENABLE_WATCHDOG ENABLE_WIRED GATT_GAIA_SERVER INCLUDE_A2DP_EXTRA_CODECS INCLUDE_APTX_ACL_SPRINT INCLUDE_APTX_ADAPTIVE INCLUDE_DSP THREE_WAY_CALLING ENABLE_USB_AUDIO_APP_STEREO_DESCRIPTORS ENABLE_USB_HUB_SUPPORT', 'FLASH_CONFIG': '..\\..\\64Mbit_default_flash_config.py', 'CHIP_TYPE': 'qcc512x_qcc302x', 'DBG_CORE': 'app/p1', 'INCPATHS': '..\\..\\..\\..\\installed_libs\\include\\profiles\\default_qcc512x_qcc302x ..\\..\\..\\..\\installed_libs\\include\\firmware_qcc512x_qcc302x ..\\..\\..\\..\\installed_libs\\include\\firmware_qcc512x_qcc302x\\app ..\\..\\..\\..\\installed_libs\\include\\standard', 'OUTPUT_TYPE': 'EXECUTABLE', 'SW_VARIANT': 'Speaker_with_TWS', 'PRIVATE_DEFS': '', 'EXTRA_WARNINGS': 'FALSE', 'LIBPATHS': '..\\..\\..\\..\\installed_libs\\lib\\default_qcc512x_qcc302x\\native ..\\..\\..\\..\\installed_libs\\lib\\os\\qcc512x_qcc302x', 'PRIVATE_INCPATHS': '', 'STRIP_SYMBOLS': 'FALSE', 'HW_VARIANT': 'CF376_CF897', 'LIBS': 'a2dp audio_output audio_mixer audio_hardware audio_ports audio_processor_speed operators chain custom_operator file_list hfp audio audio_plugin_common avrcp connection bdaddr audio_voice_hfp audio_i2s_common audio_input_voice_prompts pblock pio_common power power_onchip power_onchip_adapter region sdp_parse gain_utils service vmal gatt gatt_device_info_server gatt_gap_server gatt_manager gatt_server gatt_client gatt_heart_rate_client gatt_transmit_power_server gatt_battery_server gatt_imm_alert_server gatt_imm_alert_client usb_device_class display display_plugin_midas upgrade byte_utils_hydra audio_input_a2dp audio_input_analogue audio_input_i2s audio_input_common audio_plugin_music_variants audio_plugin_voice_variants audio_input_usb tws_packetiser audio_input_tws gaia gatt_hid_client audio_config audio_music_processing ahi config_store ps_dynamic_config_store gatt_apple_notification_client gatt_device_info_client  gatt_device_info_server gatt_scan_params_client gatt_link_loss_server gatt_battery_client gatt_heart_rate_server obex md5 pbapc audio_input_spdif rtime packetiser_helper system_clock tws_synchronised_control audio_instance hid_upgrade hid audio_plugin_forwarding audio_output_tws audio_voice_common audio_voice_usb resource_manager rwcp_server anc audio_voice_assistant_low_power local_device spp_common spps sppc transport_adaptation transport_manager voice_assistant_audio_manager protobuf gatt_fast_pair_server audio_anc_tuning', 'OUTPUT': 'sink', 'DEFAULT_LIBS': 'usb_early_init', 'BUILD_TYPE': 'DEBUG', 'PRESERVED_LIBS': 'qcc512x_qcc302x'})

CONFIG NAME = Speaker_Broadcast
PROPS
defaultdict(<type 'str'>, {'BUILD_ID': 'C:\\qtil\\ADK_QCC512X_QCC302X_WIN_6.3.2.24\\tools/ubuild/maker/buildid/examples/timestamp.py', 'DEFS': '__KALIMBA__ HAVE_32BIT_DATA_WIDTH INSTALL_HYDRA_LOG BLUELAB HYDRACORE BROADCAST_PACKETISER_IS_CONTROLLED_BY_APP AFH_UPDATE_METHOD_SYNC_TRAIN ENABLE_AHI_USB_HOST ENABLE_BATTERY_OPERATION ENABLE_CHARGER_V2 ENABLE_USB_TYPE_C BLE_ENABLED_WHEN_OFF DEVICE_ID_PSKEY ENABLE_DISPLAY ENABLE_DISPLAY_MIDAS ENABLE_ALLOW_USB_DEBUG ENABLE_AUDIO_CLOCK ENABLE_AUDIO_TTP ENABLE_AVRCP ENABLE_BREDR_SC ENABLE_DORMANT_SUPPORT ENABLE_DOWNLOADABLE_CAPS GATT_IAS_CLIENT ENABLE_GAIA GATT_ENABLED GATT_ANCS_CLIENT GATT_BATTERY_SERVER GATT_IAS_SERVER GATT_BATTERY_SERVER_PEER GATT_IAS_SERVER GATT_LLS_SERVER GATT_TPS_SERVER GATT_BATTERY_SERVER_REMOTE GATT_BATTERY_CLIENT GATT_DIS_CLIENT GATT_SPC_CLIENT GATT_HID_CLIENT ENABLE_PBAP ENABLE_BROADCAST_AUDIO ENABLE_UPGRADE ENABLE_USB ENABLE_USB_AUDIO ENABLE_USB_HID_UPGRADE ENABLE_WATCHDOG ENABLE_WIRED GATT_GAIA_SERVER INCLUDE_APTX_ACL_SPRINT INCLUDE_APTX_ADAPTIVE INCLUDE_DSP THREE_WAY_CALLING ENABLE_USB_AUDIO_APP_STEREO_DESCRIPTORS ENABLE_USB_HUB_SUPPORT', 'FLASH_CONFIG': '..\\..\\64Mbit_default_flash_config.py', 'CHIP_TYPE': 'qcc512x_qcc302x', 'DBG_CORE': 'app/p1', 'INCPATHS': '..\\..\\..\\..\\installed_libs\\include\\profiles\\default_qcc512x_qcc302x ..\\..\\..\\..\\installed_libs\\include\\firmware_qcc512x_qcc302x ..\\..\\..\\..\\installed_libs\\include\\firmware_qcc512x_qcc302x\\app ..\\..\\..\\..\\installed_libs\\include\\standard', 'OUTPUT_TYPE': 'EXECUTABLE', 'SW_VARIANT': 'Speaker_with_BA', 'PRIVATE_DEFS': '', 'EXTRA_WARNINGS': 'FALSE', 'LIBPATHS': '..\\..\\..\\..\\installed_libs\\lib\\default_qcc512x_qcc302x\\native ..\\..\\..\\..\\installed_libs\\lib\\os\\qcc512x_qcc302x', 'PRIVATE_INCPATHS': '', 'STRIP_SYMBOLS': 'FALSE', 'HW_VARIANT': 'CF376_CF897', 'LIBS': 'a2dp audio_output audio_mixer audio_hardware audio_ports audio_processor_speed operators chain custom_operator file_list hfp audio audio_plugin_common avrcp connection bdaddr audio_voice_hfp audio_i2s_common audio_input_voice_prompts pblock pio_common power power_onchip power_onchip_adapter region sdp_parse gain_utils service vmal gatt gatt_device_info_server gatt_gap_server gatt_manager gatt_server gatt_client gatt_heart_rate_client gatt_transmit_power_server gatt_battery_server gatt_imm_alert_server gatt_imm_alert_client usb_device_class display display_plugin_midas upgrade byte_utils_hydra audio_input_a2dp audio_input_analogue audio_input_i2s audio_input_common audio_plugin_music_variants audio_plugin_voice_variants audio_input_usb tws_packetiser audio_input_tws gaia gatt_hid_client audio_config audio_music_processing ahi config_store ps_dynamic_config_store gatt_apple_notification_client gatt_device_info_client gatt_device_info_server gatt_scan_params_client gatt_link_loss_server gatt_battery_client gatt_heart_rate_server obex md5 pbapc audio_input_spdif rtime packetiser_helper system_clock tws_synchronised_control audio_instance hid_upgrade hid audio_plugin_forwarding anc audio_voice_common audio_voice_usb audio_output_broadcast broadcast_cmd broadcast_packetiser erasure_coding broadcast broadcast_context gatt_broadcast_server gatt_broadcast_client scm scm_transport broadcast_stream_service_record audio_input_broadcast afh_channel_map resource_manager rwcp_server anc audio_voice_assistant_low_power local_device spp_common spps sppc transport_adaptation transport_manager voice_assistant_audio_manager protobuf gatt_fast_pair_server audio_anc_tuning', 'OUTPUT': 'sink', 'DEFAULT_LIBS': 'usb_early_init', 'BUILD_TYPE': 'DEBUG', 'PRESERVED_LIBS': 'qcc512x_qcc302x'})
------------------------------------
DEVKIT INFO 
------------------------------------
  Param -d =  C:\qtil\ADK_QCC512X_QCC302X_WIN_6.3.2.24
  Script =  C:/qtil/ADK_QCC512X_QCC302X_WIN_6.3.2.24/tools/ubuild/ubuild.py
  XML FILE = C:\qtil\ADK_QCC512X_QCC302X_WIN_6.3.2.24\merge_ubuild.chk
-KITIDENT-
  compatibility_list:['{34E71291-920E-4fe0-8871-5F119C8D0E40}']
  uuid              :{049607bf-c81c-44a1-92bb-afc0744dcab9}
  checksum          :9e60d4f6ae903d5ee77c72fb0b0037df
  URI               :kitres://{049607bf-c81c-44a1-92bb-afc0744dcab9}
  build_time        :1553887472
  filter            :qcc3400;qcc512*;qcc302*;qcc303*
  version           :6.3.2
  build             :24
  dependencies      :
            
  fsprefix          :qcc512x_qcc302x
  devkit_group      :{BBAC163C-41BE-4ce7-B236-236F15FF18CA}
  target            :x86
-TOP LEVEL ELEMENTS-
  info          :True
  commands      :True
  toolchain     :True
  ext_id        :True
  doc           :True
  ext_info      :True
  plugins       :True
  id            :True
  configurations:True
    -COMMANDS-
      coredumpWithAppsSqif:{'run': './tools/python27/python.exe', 'description': 'Coredump all sub-systems including apps sqif'}
      eraseApps           :{'run': './tools/python27/python.exe', 'description': 'Run pydbg to erase the apps area'}
      dfu_setup           :{'run': './tools/python27/python.exe', 'description': 'Setup DFU security'}
      setMemoryOption     :{'run': './tools/python27/python.exe', 'description': 'Setup Memory Module Type to support'}
      pydbgCoredump       :{'run': './tools/python27/python.exe', 'description': 'Run pydbg on a coredump'}
      deploy              :{'run': './tools/python27/python.exe', 'description': 'Deploys an ADK Project binary to a device'}
      make                :{'run': 'bin/make.exe', 'description': 'GNU Make'}
      coredump            :{'run': './tools/python27/python.exe', 'description': 'Coredump all sub-systems'}
      versions_workspace  :{'run': './tools/python27/python.exe', 'description': 'Discover versions of various workspace files'}
      privateLibExport    :{'run': './tools/python27/python.exe', 'description': 'Import a private private library into a project'}
      buildDFU            :{'run': './tools/python27/python.exe', 'description': 'Collect or build input files and create DFU file'}
      build               :{'run': './tools/python27/python.exe', 'description': 'Builds an ADK Project'}
      clean               :{'run': './tools/python27/python.exe', 'description': 'Clean an ADK Project'}
      config_tool         :{'run': './tools/bin/ADKConfigTool.exe', 'description': 'Run the config tool'}
      buildFlashImage     :{'run': './tools/python27/python.exe', 'description': 'Generate a single flash image file'}
      versions_devkit     :{'run': './tools/python27/python.exe', 'description': 'Discover versions of various devkit files'}
      privateLibImport    :{'run': './tools/python27/python.exe', 'description': 'Import a private private library into a project'}
====================
-TOOLS-
  system:{'device': 'plugins/debugger/device_control_hydra.dll', 'core_groups': {'app': {'p1': 'plugins/debugger/core_debug_kalimba.dll'}, 'audio': {'p0': 'plugins/debugger/core_debug_kalimba.dll', 'p1': 'plugins/debugger/core_debug_kalimba.dll'}}}

>>> [C:/qtil/ADK_QCC512X_QCC302X_WIN_6.3.2.24/tools/bin/make.exe SDK=C:/qtil/ADK_QCC512X_QCC302X_WIN_6.3.2.24/tools DEVKIT_ROOT=C:/qtil/ADK_QCC512X_QCC302X_WIN_6.3.2.24 -s -j12 build -f C:/Users/278632/Desktop/BT_SPK_5125/Eugene_sample/apps/applications/sink/qcc512x_qcc302x/common/sink.speaker.mak MAKEFILE_RULES_DIR=C:\qtil\ADK_QCC512X_QCC302X_WIN_6.3.2.24\tools]






C:/qtil/ADK_QCC512X_QCC302X_WIN_6.3.2.24/tools/bin
Using C:\qtil\ADK_QCC512X_QCC302X_WIN_6.3.2.24\tools/Makefile.rules
SDK is C:/qtil/ADK_QCC512X_QCC302X_WIN_6.3.2.24/tools
BUILDING FOR qcc512x_qcc302x
Default
Using Default prompts in image directory. Updating prompts from ../../sink_prompts/speaker to customer_ro_filesystem/*
Creating Audio prompts directories
??? 11 ???
??? 11 ???
????? - *.txt
??? 0 ???
Compiling ..\..\User\eugene_tca1116.c
Compiling ..\..\sink_leds.c
Compiling ..\..\sink_link_policy.c
Compiling ..\..\sink_linkloss.c
Compiling ..\..\sink_multipoint.c
Compiling ..\..\sink_music_processing.c
Compiling ..\..\sink_nfc.c
Compiling ..\..\sink_partymode.c
Compiling ..\..\sink_pbap.c
Compiling ..\..\sink_peer.c
Compiling ..\..\sink_peer_qualification.c
Compiling ..\..\sink_pio.c
Compiling ..\..\sink_powermanager.c
"..\..\User\eugene_tca1116.c" line 27: Warning:  discards type qualifier 'const' from pointer target type (Qualifier)
"..\..\User\eugene_tca1116.c" line 27: Warning: function 'Tca1116WriteBytes', pointer type of second argument is incompatible with parameter 'tx_data'  (ArgIncompatiblePointers)
Fatal error: warnings in source
Compiler quits.
Error: Error while running 'kalcc32'
C:\qtil\ADK_QCC512X_QCC302X_WIN_6.3.2.24\tools/Makefile.rules:356: recipe for target 'depend_Speaker_qcc512x_qcc302x/eugene_tca1116.o' failed
make.exe: *** [depend_Speaker_qcc512x_qcc302x/eugene_tca1116.o] Error 1
make.exe: *** Waiting for unfinished jobs....



